# JRE version: OpenJDK Runtime Environment (17.0.6) (build 17.0.6+0-b2043.56-9586694)
# Java VM: OpenJDK 64-Bit Server VM (17.0.6+0-b2043.56-9586694, mixed mode, tiered, compressed oops, compressed class ptrs, g1 gc, windows-amd64)
GC Precious Log:
 CPUs: 8 total, 8 available
 Memory: 10187M
 Large Page Support: Disabled
 NUMA Support: Disabled
 Compressed Oops: Enabled (32-bit)
 Heap Region Size: 1M
 Heap Min Capacity: 8M
 Heap Initial Capacity: 160M
 Heap Max Capacity: 2G
 Pre-touch: Disabled
 Parallel Workers: 8
 Concurrent Workers: 2
 Concurrent Refinement Workers: 8
 Periodic GC: Disabled
Heap:
 garbage-first heap   total 437248K, used 247458K [0x0000000080000000, 0x0000000100000000)
  region size 1024K, 43 young (44032K), 3 survivors (3072K)
 Metaspace       used 99305K, committed 100096K, reserved 1138688K
  class space    used 13085K, committed 13440K, reserved 1048576K
GC Heap History (20 events):
Event: 373.828 GC heap before
{Heap before GC invocations=175 (full 0):
 garbage-first heap   total 437248K, used 380405K [0x0000000080000000, 0x0000000100000000)
  region size 1024K, 201 young (205824K), 12 survivors (12288K)
 Metaspace       used 72486K, committed 73088K, reserved 1114112K
  class space    used 9247K, committed 9536K, reserved 1048576K
}
Event: 373.830 GC heap after
{Heap after GC invocations=176 (full 0):
 garbage-first heap   total 437248K, used 172838K [0x0000000080000000, 0x0000000100000000)
  region size 1024K, 2 young (2048K), 2 survivors (2048K)
 Metaspace       used 72486K, committed 73088K, reserved 1114112K
  class space    used 9247K, committed 9536K, reserved 1048576K
}
Event: 374.324 GC heap before
{Heap before GC invocations=176 (full 0):
 garbage-first heap   total 437248K, used 387878K [0x0000000080000000, 0x0000000100000000)
  region size 1024K, 212 young (217088K), 2 survivors (2048K)
 Metaspace       used 72486K, committed 73088K, reserved 1114112K
  class space    used 9247K, committed 9536K, reserved 1048576K
}
Event: 374.325 GC heap after
{Heap after GC invocations=177 (full 0):
 garbage-first heap   total 437248K, used 172076K [0x0000000080000000, 0x0000000100000000)
  region size 1024K, 2 young (2048K), 2 survivors (2048K)
 Metaspace       used 72486K, committed 73088K, reserved 1114112K
  class space    used 9247K, committed 9536K, reserved 1048576K
}
Event: 374.906 GC heap before
{Heap before GC invocations=177 (full 0):
 garbage-first heap   total 437248K, used 389164K [0x0000000080000000, 0x0000000100000000)
  region size 1024K, 213 young (218112K), 2 survivors (2048K)
 Metaspace       used 72506K, committed 73088K, reserved 1114112K
  class space    used 9247K, committed 9536K, reserved 1048576K
}
Event: 374.908 GC heap after
{Heap after GC invocations=178 (full 0):
 garbage-first heap   total 437248K, used 170466K [0x0000000080000000, 0x0000000100000000)
  region size 1024K, 1 young (1024K), 1 survivors (1024K)
 Metaspace       used 72506K, committed 73088K, reserved 1114112K
  class space    used 9247K, committed 9536K, reserved 1048576K
}
Event: 375.510 GC heap before
{Heap before GC invocations=178 (full 0):
 garbage-first heap   total 437248K, used 391650K [0x0000000080000000, 0x0000000100000000)
  region size 1024K, 213 young (218112K), 1 survivors (1024K)
 Metaspace       used 72506K, committed 73088K, reserved 1114112K
  class space    used 9247K, committed 9536K, reserved 1048576K
}
Event: 375.512 GC heap after
{Heap after GC invocations=179 (full 0):
 garbage-first heap   total 437248K, used 175823K [0x0000000080000000, 0x0000000100000000)
  region size 1024K, 2 young (2048K), 2 survivors (2048K)
 Metaspace       used 72506K, committed 73088K, reserved 1114112K
  class space    used 9247K, committed 9536K, reserved 1048576K
}
Event: 376.009 GC heap before
{Heap before GC invocations=179 (full 0):
 garbage-first heap   total 437248K, used 387791K [0x0000000080000000, 0x0000000100000000)
  region size 1024K, 209 young (214016K), 2 survivors (2048K)
 Metaspace       used 72506K, committed 73088K, reserved 1114112K
  class space    used 9247K, committed 9536K, reserved 1048576K
}
Event: 376.012 GC heap after
{Heap after GC invocations=180 (full 0):
 garbage-first heap   total 437248K, used 178457K [0x0000000080000000, 0x0000000100000000)
  region size 1024K, 5 young (5120K), 5 survivors (5120K)
 Metaspace       used 72506K, committed 73088K, reserved 1114112K
  class space    used 9247K, committed 9536K, reserved 1048576K
}
Event: 376.585 GC heap before
{Heap before GC invocations=180 (full 0):
 garbage-first heap   total 437248K, used 385305K [0x0000000080000000, 0x0000000100000000)
  region size 1024K, 208 young (212992K), 5 survivors (5120K)
 Metaspace       used 72507K, committed 73088K, reserved 1114112K
  class space    used 9247K, committed 9536K, reserved 1048576K
}
Event: 376.587 GC heap after
{Heap after GC invocations=181 (full 0):
 garbage-first heap   total 437248K, used 171166K [0x0000000080000000, 0x0000000100000000)
  region size 1024K, 1 young (1024K), 1 survivors (1024K)
 Metaspace       used 72507K, committed 73088K, reserved 1114112K
  class space    used 9247K, committed 9536K, reserved 1048576K
}
Event: 378.128 GC heap before
{Heap before GC invocations=181 (full 0):
 garbage-first heap   total 437248K, used 394398K [0x0000000080000000, 0x0000000100000000)
  region size 1024K, 212 young (217088K), 1 survivors (1024K)
 Metaspace       used 78332K, committed 78976K, reserved 1122304K
  class space    used 10008K, committed 10304K, reserved 1048576K
}
Event: 378.133 GC heap after
{Heap after GC invocations=182 (full 0):
 garbage-first heap   total 437248K, used 185461K [0x0000000080000000, 0x0000000100000000)
  region size 1024K, 8 young (8192K), 8 survivors (8192K)
 Metaspace       used 78332K, committed 78976K, reserved 1122304K
  class space    used 10008K, committed 10304K, reserved 1048576K
}
Event: 380.764 GC heap before
{Heap before GC invocations=182 (full 0):
 garbage-first heap   total 437248K, used 291957K [0x0000000080000000, 0x0000000100000000)
  region size 1024K, 106 young (108544K), 8 survivors (8192K)
 Metaspace       used 88210K, committed 88896K, reserved 1130496K
  class space    used 11341K, committed 11712K, reserved 1048576K
}
Event: 380.775 GC heap after
{Heap after GC invocations=183 (full 0):
 garbage-first heap   total 437248K, used 193005K [0x0000000080000000, 0x0000000100000000)
  region size 1024K, 16 young (16384K), 16 survivors (16384K)
 Metaspace       used 88210K, committed 88896K, reserved 1130496K
  class space    used 11341K, committed 11712K, reserved 1048576K
}
Event: 406.151 GC heap before
{Heap before GC invocations=184 (full 0):
 garbage-first heap   total 437248K, used 372205K [0x0000000080000000, 0x0000000100000000)
  region size 1024K, 191 young (195584K), 16 survivors (16384K)
 Metaspace       used 99230K, committed 100032K, reserved 1138688K
  class space    used 13082K, committed 13440K, reserved 1048576K
}
Event: 406.168 GC heap after
{Heap after GC invocations=185 (full 0):
 garbage-first heap   total 437248K, used 210204K [0x0000000080000000, 0x0000000100000000)
  region size 1024K, 23 young (23552K), 23 survivors (23552K)
 Metaspace       used 99230K, committed 100032K, reserved 1138688K
  class space    used 13082K, committed 13440K, reserved 1048576K
}
Event: 406.726 GC heap before
{Heap before GC invocations=185 (full 0):
 garbage-first heap   total 437248K, used 211228K [0x0000000080000000, 0x0000000100000000)
  region size 1024K, 24 young (24576K), 23 survivors (23552K)
 Metaspace       used 99242K, committed 100032K, reserved 1138688K
  class space    used 13082K, committed 13440K, reserved 1048576K
}
Event: 406.738 GC heap after
{Heap after GC invocations=186 (full 0):
 garbage-first heap   total 437248K, used 207522K [0x0000000080000000, 0x0000000100000000)
  region size 1024K, 3 young (3072K), 3 survivors (3072K)
 Metaspace       used 99242K, committed 100032K, reserved 1138688K
  class space    used 13082K, committed 13440K, reserved 1048576K
}

