# JRE version: OpenJDK Runtime Environment (17.0.6) (build 17.0.6+0-b2043.56-9586694)
# Java VM: OpenJDK 64-Bit Server VM (17.0.6+0-b2043.56-9586694, mixed mode, tiered, compressed oops, compressed class ptrs, g1 gc, windows-amd64)
GC Precious Log:
 CPUs: 8 total, 8 available
 Memory: 10187M
 Large Page Support: Disabled
 NUMA Support: Disabled
 Compressed Oops: Enabled (32-bit)
 Heap Region Size: 1M
 Heap Min Capacity: 8M
 Heap Initial Capacity: 160M
 Heap Max Capacity: 2G
 Pre-touch: Disabled
 Parallel Workers: 8
 Concurrent Workers: 2
 Concurrent Refinement Workers: 8
 Periodic GC: Disabled
Heap:
 garbage-first heap   total 349184K, used 216379K [0x0000000080000000, 0x0000000100000000)
  region size 1024K, 32 young (32768K), 12 survivors (12288K)
 Metaspace       used 114589K, committed 115328K, reserved 1155072K
  class space    used 15346K, committed 15744K, reserved 1048576K
GC Heap History (20 events):
Event: 127.275 GC heap before
{Heap before GC invocations=74 (full 0):
 garbage-first heap   total 174080K, used 149510K [0x0000000080000000, 0x0000000100000000)
  region size 1024K, 12 young (12288K), 2 survivors (2048K)
 Metaspace       used 106895K, committed 107648K, reserved 1146880K
  class space    used 14091K, committed 14464K, reserved 1048576K
}
Event: 127.292 GC heap after
{Heap after GC invocations=75 (full 0):
 garbage-first heap   total 174080K, used 142615K [0x0000000080000000, 0x0000000100000000)
  region size 1024K, 2 young (2048K), 2 survivors (2048K)
 Metaspace       used 106895K, committed 107648K, reserved 1146880K
  class space    used 14091K, committed 14464K, reserved 1048576K
}
Event: 129.766 GC heap before
{Heap before GC invocations=75 (full 0):
 garbage-first heap   total 174080K, used 149783K [0x0000000080000000, 0x0000000100000000)
  region size 1024K, 10 young (10240K), 2 survivors (2048K)
 Metaspace       used 108401K, committed 109184K, reserved 1146880K
  class space    used 14339K, committed 14720K, reserved 1048576K
}
Event: 129.771 GC heap after
{Heap after GC invocations=76 (full 0):
 garbage-first heap   total 174080K, used 143055K [0x0000000080000000, 0x0000000100000000)
  region size 1024K, 1 young (1024K), 1 survivors (1024K)
 Metaspace       used 108401K, committed 109184K, reserved 1146880K
  class space    used 14339K, committed 14720K, reserved 1048576K
}
Event: 130.399 GC heap before
{Heap before GC invocations=76 (full 0):
 garbage-first heap   total 174080K, used 150223K [0x0000000080000000, 0x0000000100000000)
  region size 1024K, 9 young (9216K), 1 survivors (1024K)
 Metaspace       used 109192K, committed 110016K, reserved 1146880K
  class space    used 14429K, committed 14848K, reserved 1048576K
}
Event: 130.409 GC heap after
{Heap after GC invocations=77 (full 0):
 garbage-first heap   total 174080K, used 144166K [0x0000000080000000, 0x0000000100000000)
  region size 1024K, 2 young (2048K), 2 survivors (2048K)
 Metaspace       used 109192K, committed 110016K, reserved 1146880K
  class space    used 14429K, committed 14848K, reserved 1048576K
}
Event: 130.511 GC heap before
{Heap before GC invocations=77 (full 0):
 garbage-first heap   total 174080K, used 151334K [0x0000000080000000, 0x0000000100000000)
  region size 1024K, 9 young (9216K), 2 survivors (2048K)
 Metaspace       used 109315K, committed 110080K, reserved 1146880K
  class space    used 14443K, committed 14848K, reserved 1048576K
}
Event: 130.518 GC heap after
{Heap after GC invocations=78 (full 0):
 garbage-first heap   total 174080K, used 145392K [0x0000000080000000, 0x0000000100000000)
  region size 1024K, 2 young (2048K), 2 survivors (2048K)
 Metaspace       used 109315K, committed 110080K, reserved 1146880K
  class space    used 14443K, committed 14848K, reserved 1048576K
}
Event: 130.601 GC heap before
{Heap before GC invocations=78 (full 0):
 garbage-first heap   total 174080K, used 151536K [0x0000000080000000, 0x0000000100000000)
  region size 1024K, 8 young (8192K), 2 survivors (2048K)
 Metaspace       used 109498K, committed 110272K, reserved 1146880K
  class space    used 14459K, committed 14848K, reserved 1048576K
}
Event: 130.608 GC heap after
{Heap after GC invocations=79 (full 0):
 garbage-first heap   total 208896K, used 146502K [0x0000000080000000, 0x0000000100000000)
  region size 1024K, 1 young (1024K), 1 survivors (1024K)
 Metaspace       used 109498K, committed 110272K, reserved 1146880K
  class space    used 14459K, committed 14848K, reserved 1048576K
}
Event: 130.888 GC heap before
{Heap before GC invocations=79 (full 0):
 garbage-first heap   total 208896K, used 174150K [0x0000000080000000, 0x0000000100000000)
  region size 1024K, 28 young (28672K), 1 survivors (1024K)
 Metaspace       used 109872K, committed 110656K, reserved 1146880K
  class space    used 14504K, committed 14912K, reserved 1048576K
}
Event: 130.900 GC heap after
{Heap after GC invocations=80 (full 0):
 garbage-first heap   total 208896K, used 151538K [0x0000000080000000, 0x0000000100000000)
  region size 1024K, 4 young (4096K), 4 survivors (4096K)
 Metaspace       used 109872K, committed 110656K, reserved 1146880K
  class space    used 14504K, committed 14912K, reserved 1048576K
}
Event: 131.087 GC heap before
{Heap before GC invocations=80 (full 0):
 garbage-first heap   total 208896K, used 174066K [0x0000000080000000, 0x0000000100000000)
  region size 1024K, 27 young (27648K), 4 survivors (4096K)
 Metaspace       used 110136K, committed 110848K, reserved 1146880K
  class space    used 14549K, committed 14912K, reserved 1048576K
}
Event: 131.104 GC heap after
{Heap after GC invocations=81 (full 0):
 garbage-first heap   total 208896K, used 155828K [0x0000000080000000, 0x0000000100000000)
  region size 1024K, 4 young (4096K), 4 survivors (4096K)
 Metaspace       used 110136K, committed 110848K, reserved 1146880K
  class space    used 14549K, committed 14912K, reserved 1048576K
}
Event: 131.274 GC heap before
{Heap before GC invocations=81 (full 0):
 garbage-first heap   total 208896K, used 177332K [0x0000000080000000, 0x0000000100000000)
  region size 1024K, 25 young (25600K), 4 survivors (4096K)
 Metaspace       used 110467K, committed 111168K, reserved 1146880K
  class space    used 14613K, committed 14976K, reserved 1048576K
}
Event: 131.288 GC heap after
{Heap after GC invocations=82 (full 0):
 garbage-first heap   total 208896K, used 160141K [0x0000000080000000, 0x0000000100000000)
  region size 1024K, 4 young (4096K), 4 survivors (4096K)
 Metaspace       used 110467K, committed 111168K, reserved 1146880K
  class space    used 14613K, committed 14976K, reserved 1048576K
}
Event: 131.420 GC heap before
{Heap before GC invocations=82 (full 0):
 garbage-first heap   total 208896K, used 177549K [0x0000000080000000, 0x0000000100000000)
  region size 1024K, 22 young (22528K), 4 survivors (4096K)
 Metaspace       used 110629K, committed 111424K, reserved 1146880K
  class space    used 14638K, committed 15040K, reserved 1048576K
}
Event: 131.435 GC heap after
{Heap after GC invocations=83 (full 0):
 garbage-first heap   total 349184K, used 163275K [0x0000000080000000, 0x0000000100000000)
  region size 1024K, 3 young (3072K), 3 survivors (3072K)
 Metaspace       used 110629K, committed 111424K, reserved 1146880K
  class space    used 14638K, committed 15040K, reserved 1048576K
}
Event: 133.458 GC heap before
{Heap before GC invocations=83 (full 0):
 garbage-first heap   total 349184K, used 267723K [0x0000000080000000, 0x0000000100000000)
  region size 1024K, 106 young (108544K), 3 survivors (3072K)
 Metaspace       used 112556K, committed 113280K, reserved 1155072K
  class space    used 14925K, committed 15296K, reserved 1048576K
}
Event: 133.502 GC heap after
{Heap after GC invocations=84 (full 0):
 garbage-first heap   total 349184K, used 182823K [0x0000000080000000, 0x0000000100000000)
  region size 1024K, 14 young (14336K), 14 survivors (14336K)
 Metaspace       used 112556K, committed 113280K, reserved 1155072K
  class space    used 14925K, committed 15296K, reserved 1048576K
}

